# JRE version: Java(TM) SE Runtime Environment (8.0_111-b14) (build 1.8.0_111-b14)
# Java VM: Java HotSpot(TM) 64-Bit Server VM (25.111-b14 mixed mode linux-amd64 compressed oops)
Heap:
 PSYoungGen      total 253952K, used 0K [0x0000000780000000, 0x000000079bd00000, 0x00000007c0000000)
  eden space 56832K, 0% used [0x0000000780000000,0x0000000780000000,0x0000000783780000)
  from space 197120K, 0% used [0x0000000783780000,0x0000000783780000,0x000000078f800000)
  to   space 194048K, 0% used [0x000000078ff80000,0x000000078ff80000,0x000000079bd00000)
 ParOldGen       total 472064K, used 471315K [0x0000000700000000, 0x000000071cd00000, 0x0000000780000000)
  object space 472064K, 99% used [0x0000000700000000,0x000000071cc44fb0,0x000000071cd00000)
 Metaspace       used 8620K, capacity 8876K, committed 8960K, reserved 1056768K
  class space    used 928K, capacity 1022K, committed 1024K, reserved 1048576K
GC Heap History (10 events):
Event: 42.256 GC heap after
Heap after GC invocations=26 (full 4):
 PSYoungGen      total 245760K, used 95904K [0x0000000780000000, 0x000000079c780000, 0x00000007c0000000)
  eden space 46592K, 0% used [0x0000000780000000,0x0000000780000000,0x0000000782d80000)
  from space 199168K, 48% used [0x0000000790500000,0x00000007962a8030,0x000000079c780000)
  to   space 209920K, 0% used [0x0000000782d80000,0x0000000782d80000,0x000000078fa80000)
 ParOldGen       total 342528K, used 311320K [0x0000000700000000, 0x0000000714e80000, 0x0000000780000000)
  object space 342528K, 90% used [0x0000000700000000,0x0000000713006378,0x0000000714e80000)
 Metaspace       used 8600K, capacity 8864K, committed 8960K, reserved 1056768K
  class space    used 925K, capacity 1020K, committed 1024K, reserved 1048576K
}
Event: 42.256 GC heap before
{Heap before GC invocations=27 (full 5):
 PSYoungGen      total 245760K, used 95904K [0x0000000780000000, 0x000000079c780000, 0x00000007c0000000)
  eden space 46592K, 0% used [0x0000000780000000,0x0000000780000000,0x0000000782d80000)
  from space 199168K, 48% used [0x0000000790500000,0x00000007962a8030,0x000000079c780000)
  to   space 209920K, 0% used [0x0000000782d80000,0x0000000782d80000,0x000000078fa80000)
 ParOldGen       total 342528K, used 311320K [0x0000000700000000, 0x0000000714e80000, 0x0000000780000000)
  object space 342528K, 90% used [0x0000000700000000,0x0000000713006378,0x0000000714e80000)
 Metaspace       used 8600K, capacity 8864K, committed 8960K, reserved 1056768K
  class space    used 925K, capacity 1020K, committed 1024K, reserved 1048576K
Event: 49.160 GC heap after
Heap after GC invocations=27 (full 5):
 PSYoungGen      total 245760K, used 64579K [0x0000000780000000, 0x000000079c780000, 0x00000007c0000000)
  eden space 46592K, 0% used [0x0000000780000000,0x0000000780000000,0x0000000782d80000)
  from space 199168K, 32% used [0x0000000790500000,0x0000000794410f48,0x000000079c780000)
  to   space 209920K, 0% used [0x0000000782d80000,0x0000000782d80000,0x000000078fa80000)
 ParOldGen       total 472064K, used 342239K [0x0000000700000000, 0x000000071cd00000, 0x0000000780000000)
  object space 472064K, 72% used [0x0000000700000000,0x0000000714e37e70,0x000000071cd00000)
 Metaspace       used 8600K, capacity 8864K, committed 8960K, reserved 1056768K
  class space    used 925K, capacity 1020K, committed 1024K, reserved 1048576K
}
Event: 73.990 GC heap before
{Heap before GC invocations=28 (full 5):
 PSYoungGen      total 245760K, used 111171K [0x0000000780000000, 0x000000079c780000, 0x00000007c0000000)
  eden space 46592K, 100% used [0x0000000780000000,0x0000000782d80000,0x0000000782d80000)
  from space 199168K, 32% used [0x0000000790500000,0x0000000794410f48,0x000000079c780000)
  to   space 209920K, 0% used [0x0000000782d80000,0x0000000782d80000,0x000000078fa80000)
 ParOldGen       total 472064K, used 342239K [0x0000000700000000, 0x000000071cd00000, 0x0000000780000000)
  object space 472064K, 72% used [0x0000000700000000,0x0000000714e37e70,0x000000071cd00000)
 Metaspace       used 8619K, capacity 8876K, committed 8960K, reserved 1056768K
  class space    used 928K, capacity 1022K, committed 1024K, reserved 1048576K
Event: 74.382 GC heap after
Heap after GC invocations=28 (full 5):
 PSYoungGen      total 256512K, used 69950K [0x0000000780000000, 0x000000079c680000, 0x00000007c0000000)
  eden space 46592K, 0% used [0x0000000780000000,0x0000000780000000,0x0000000782d80000)
  from space 209920K, 33% used [0x0000000782d80000,0x00000007871cf820,0x000000078fa80000)
  to   space 203776K, 0% used [0x000000078ff80000,0x000000078ff80000,0x000000079c680000)
 ParOldGen       total 472064K, used 375335K [0x0000000700000000, 0x000000071cd00000, 0x0000000780000000)
  object space 472064K, 79% used [0x0000000700000000,0x0000000716e89e70,0x000000071cd00000)
 Metaspace       used 8619K, capacity 8876K, committed 8960K, reserved 1056768K
  class space    used 928K, capacity 1022K, committed 1024K, reserved 1048576K
}
Event: 75.460 GC heap before
{Heap before GC invocations=29 (full 5):
 PSYoungGen      total 256512K, used 116542K [0x0000000780000000, 0x000000079c680000, 0x00000007c0000000)
  eden space 46592K, 100% used [0x0000000780000000,0x0000000782d80000,0x0000000782d80000)
  from space 209920K, 33% used [0x0000000782d80000,0x00000007871cf820,0x000000078fa80000)
  to   space 203776K, 0% used [0x000000078ff80000,0x000000078ff80000,0x000000079c680000)
 ParOldGen       total 472064K, used 375335K [0x0000000700000000, 0x000000071cd00000, 0x0000000780000000)
  object space 472064K, 79% used [0x0000000700000000,0x0000000716e89e70,0x000000071cd00000)
 Metaspace       used 8620K, capacity 8876K, committed 8960K, reserved 1056768K
  class space    used 928K, capacity 1022K, committed 1024K, reserved 1048576K
Event: 76.144 GC heap after
Heap after GC invocations=29 (full 5):
 PSYoungGen      total 246272K, used 74424K [0x0000000780000000, 0x000000079b880000, 0x00000007c0000000)
  eden space 56832K, 0% used [0x0000000780000000,0x0000000780000000,0x0000000783780000)
  from space 189440K, 39% used [0x000000078ff80000,0x000000079482e2a8,0x000000079b880000)
  to   space 197120K, 0% used [0x0000000783780000,0x0000000783780000,0x000000078f800000)
 ParOldGen       total 472064K, used 395095K [0x0000000700000000, 0x000000071cd00000, 0x0000000780000000)
  object space 472064K, 83% used [0x0000000700000000,0x00000007181d5e70,0x000000071cd00000)
 Metaspace       used 8620K, capacity 8876K, committed 8960K, reserved 1056768K
  class space    used 928K, capacity 1022K, committed 1024K, reserved 1048576K
}
Event: 77.172 GC heap before
{Heap before GC invocations=30 (full 5):
 PSYoungGen      total 246272K, used 131256K [0x0000000780000000, 0x000000079b880000, 0x00000007c0000000)
  eden space 56832K, 100% used [0x0000000780000000,0x0000000783780000,0x0000000783780000)
  from space 189440K, 39% used [0x000000078ff80000,0x000000079482e2a8,0x000000079b880000)
  to   space 197120K, 0% used [0x0000000783780000,0x0000000783780000,0x000000078f800000)
 ParOldGen       total 472064K, used 395095K [0x0000000700000000, 0x000000071cd00000, 0x0000000780000000)
  object space 472064K, 83% used [0x0000000700000000,0x00000007181d5e70,0x000000071cd00000)
 Metaspace       used 8620K, capacity 8876K, committed 8960K, reserved 1056768K
  class space    used 928K, capacity 1022K, committed 1024K, reserved 1048576K
Event: 87.472 GC heap after
Heap after GC invocations=30 (full 5):
 PSYoungGen      total 253952K, used 52882K [0x0000000780000000, 0x000000079bd00000, 0x00000007c0000000)
  eden space 56832K, 0% used [0x0000000780000000,0x0000000780000000,0x0000000783780000)
  from space 197120K, 26% used [0x0000000783780000,0x0000000786b24ab8,0x000000078f800000)
  to   space 194048K, 0% used [0x000000078ff80000,0x000000078ff80000,0x000000079bd00000)
 ParOldGen       total 472064K, used 444821K [0x0000000700000000, 0x000000071cd00000, 0x0000000780000000)
  object space 472064K, 94% used [0x0000000700000000,0x000000071b265680,0x000000071cd00000)
 Metaspace       used 8620K, capacity 8876K, committed 8960K, reserved 1056768K
  class space    used 928K, capacity 1022K, committed 1024K, reserved 1048576K
}
Event: 88.181 GC heap before
{Heap before GC invocations=31 (full 6):
 PSYoungGen      total 253952K, used 52882K [0x0000000780000000, 0x000000079bd00000, 0x00000007c0000000)
  eden space 56832K, 0% used [0x0000000780000000,0x0000000780000000,0x0000000783780000)
  from space 197120K, 26% used [0x0000000783780000,0x0000000786b24ab8,0x000000078f800000)
  to   space 194048K, 0% used [0x000000078ff80000,0x000000078ff80000,0x000000079bd00000)
 ParOldGen       total 472064K, used 444821K [0x0000000700000000, 0x000000071cd00000, 0x0000000780000000)
  object space 472064K, 94% used [0x0000000700000000,0x000000071b265680,0x000000071cd00000)
 Metaspace       used 8620K, capacity 8876K, committed 8960K, reserved 1056768K
  class space    used 928K, capacity 1022K, committed 1024K, reserved 1048576K

