# JRE version: Java(TM) SE Runtime Environment (8.0_111-b14) (build 1.8.0_111-b14)
# Java VM: Java HotSpot(TM) 64-Bit Server VM (25.111-b14 mixed mode linux-amd64 compressed oops)
Heap:
 PSYoungGen      total 343040K, used 241150K [0x0000000780000000, 0x00000007a6500000, 0x00000007c0000000)
  eden space 101888K, 0% used [0x0000000780000000,0x0000000780000000,0x0000000786380000)
  from space 241152K, 99% used [0x0000000786380000,0x0000000794effaa0,0x0000000794f00000)
  to   space 200704K, 0% used [0x0000000794f00000,0x0000000794f00000,0x00000007a1300000)
 ParOldGen       total 562688K, used 538319K [0x0000000700000000, 0x0000000722580000, 0x0000000780000000)
  object space 562688K, 95% used [0x0000000700000000,0x0000000720db3e28,0x0000000722580000)
 Metaspace       used 16081K, capacity 16452K, committed 16640K, reserved 1064960K
  class space    used 1887K, capacity 2012K, committed 2048K, reserved 1048576K
GC Heap History (10 events):
Event: 62.493 GC heap after
Heap after GC invocations=30 (full 7):
 PSYoungGen      total 284672K, used 131926K [0x0000000780000000, 0x000000079de00000, 0x00000007c0000000)
  eden space 115200K, 0% used [0x0000000780000000,0x0000000780000000,0x0000000787080000)
  from space 169472K, 77% used [0x0000000792100000,0x000000079a1d5be0,0x000000079c680000)
  to   space 180736K, 0% used [0x0000000787080000,0x0000000787080000,0x0000000792100000)
 ParOldGen       total 562688K, used 442505K [0x0000000700000000, 0x0000000722580000, 0x0000000780000000)
  object space 562688K, 78% used [0x0000000700000000,0x000000071b022420,0x0000000722580000)
 Metaspace       used 16053K, capacity 16420K, committed 16640K, reserved 1064960K
  class space    used 1884K, capacity 1980K, committed 2048K, reserved 1048576K
}
Event: 62.708 GC heap before
{Heap before GC invocations=31 (full 7):
 PSYoungGen      total 284672K, used 247126K [0x0000000780000000, 0x000000079de00000, 0x00000007c0000000)
  eden space 115200K, 100% used [0x0000000780000000,0x0000000787080000,0x0000000787080000)
  from space 169472K, 77% used [0x0000000792100000,0x000000079a1d5be0,0x000000079c680000)
  to   space 180736K, 0% used [0x0000000787080000,0x0000000787080000,0x0000000792100000)
 ParOldGen       total 562688K, used 442505K [0x0000000700000000, 0x0000000722580000, 0x0000000780000000)
  object space 562688K, 78% used [0x0000000700000000,0x000000071b022420,0x0000000722580000)
 Metaspace       used 16053K, capacity 16420K, committed 16640K, reserved 1064960K
  class space    used 1884K, capacity 1980K, committed 2048K, reserved 1048576K
Event: 62.816 GC heap after
Heap after GC invocations=31 (full 7):
 PSYoungGen      total 295936K, used 131924K [0x0000000780000000, 0x000000079f580000, 0x00000007c0000000)
  eden space 115200K, 0% used [0x0000000780000000,0x0000000780000000,0x0000000787080000)
  from space 180736K, 72% used [0x0000000787080000,0x000000078f1550e0,0x0000000792100000)
  to   space 189440K, 0% used [0x0000000793c80000,0x0000000793c80000,0x000000079f580000)
 ParOldGen       total 562688K, used 442505K [0x0000000700000000, 0x0000000722580000, 0x0000000780000000)
  object space 562688K, 78% used [0x0000000700000000,0x000000071b022420,0x0000000722580000)
 Metaspace       used 16053K, capacity 16420K, committed 16640K, reserved 1064960K
  class space    used 1884K, capacity 1980K, committed 2048K, reserved 1048576K
}
Event: 63.062 GC heap before
{Heap before GC invocations=32 (full 7):
 PSYoungGen      total 295936K, used 247124K [0x0000000780000000, 0x000000079f580000, 0x00000007c0000000)
  eden space 115200K, 100% used [0x0000000780000000,0x0000000787080000,0x0000000787080000)
  from space 180736K, 72% used [0x0000000787080000,0x000000078f1550e0,0x0000000792100000)
  to   space 189440K, 0% used [0x0000000793c80000,0x0000000793c80000,0x000000079f580000)
 ParOldGen       total 562688K, used 442505K [0x0000000700000000, 0x0000000722580000, 0x0000000780000000)
  object space 562688K, 78% used [0x0000000700000000,0x000000071b022420,0x0000000722580000)
 Metaspace       used 16053K, capacity 16420K, committed 16640K, reserved 1064960K
  class space    used 1884K, capacity 1980K, committed 2048K, reserved 1048576K
Event: 63.176 GC heap after
Heap after GC invocations=32 (full 7):
 PSYoungGen      total 317440K, used 131959K [0x0000000780000000, 0x000000079fe00000, 0x00000007c0000000)
  eden space 128000K, 0% used [0x0000000780000000,0x0000000780000000,0x0000000787d00000)
  from space 189440K, 69% used [0x0000000793c80000,0x000000079bd5dc00,0x000000079f580000)
  to   space 196096K, 0% used [0x0000000787d00000,0x0000000787d00000,0x0000000793c80000)
 ParOldGen       total 562688K, used 442505K [0x0000000700000000, 0x0000000722580000, 0x0000000780000000)
  object space 562688K, 78% used [0x0000000700000000,0x000000071b022420,0x0000000722580000)
 Metaspace       used 16053K, capacity 16420K, committed 16640K, reserved 1064960K
  class space    used 1884K, capacity 1980K, committed 2048K, reserved 1048576K
}
Event: 64.989 GC heap before
{Heap before GC invocations=33 (full 7):
 PSYoungGen      total 317440K, used 259959K [0x0000000780000000, 0x000000079fe00000, 0x00000007c0000000)
  eden space 128000K, 100% used [0x0000000780000000,0x0000000787d00000,0x0000000787d00000)
  from space 189440K, 69% used [0x0000000793c80000,0x000000079bd5dc00,0x000000079f580000)
  to   space 196096K, 0% used [0x0000000787d00000,0x0000000787d00000,0x0000000793c80000)
 ParOldGen       total 562688K, used 442505K [0x0000000700000000, 0x0000000722580000, 0x0000000780000000)
  object space 562688K, 78% used [0x0000000700000000,0x000000071b022420,0x0000000722580000)
 Metaspace       used 16053K, capacity 16420K, committed 16640K, reserved 1064960K
  class space    used 1884K, capacity 1980K, committed 2048K, reserved 1048576K
Event: 65.098 GC heap after
Heap after GC invocations=33 (full 7):
 PSYoungGen      total 324096K, used 131949K [0x0000000780000000, 0x00000007a1300000, 0x00000007c0000000)
  eden space 128000K, 0% used [0x0000000780000000,0x0000000780000000,0x0000000787d00000)
  from space 196096K, 67% used [0x0000000787d00000,0x000000078fddb478,0x0000000793c80000)
  to   space 200704K, 0% used [0x0000000794f00000,0x0000000794f00000,0x00000007a1300000)
 ParOldGen       total 562688K, used 442505K [0x0000000700000000, 0x0000000722580000, 0x0000000780000000)
  object space 562688K, 78% used [0x0000000700000000,0x000000071b022420,0x0000000722580000)
 Metaspace       used 16053K, capacity 16420K, committed 16640K, reserved 1064960K
  class space    used 1884K, capacity 1980K, committed 2048K, reserved 1048576K
}
Event: 66.806 GC heap before
{Heap before GC invocations=34 (full 7):
 PSYoungGen      total 324096K, used 259949K [0x0000000780000000, 0x00000007a1300000, 0x00000007c0000000)
  eden space 128000K, 100% used [0x0000000780000000,0x0000000787d00000,0x0000000787d00000)
  from space 196096K, 67% used [0x0000000787d00000,0x000000078fddb478,0x0000000793c80000)
  to   space 200704K, 0% used [0x0000000794f00000,0x0000000794f00000,0x00000007a1300000)
 ParOldGen       total 562688K, used 442505K [0x0000000700000000, 0x0000000722580000, 0x0000000780000000)
  object space 562688K, 78% used [0x0000000700000000,0x000000071b022420,0x0000000722580000)
 Metaspace       used 16081K, capacity 16452K, committed 16640K, reserved 1064960K
  class space    used 1887K, capacity 2012K, committed 2048K, reserved 1048576K
Event: 70.444 GC heap after
Heap after GC invocations=34 (full 7):
 PSYoungGen      total 302592K, used 200690K [0x0000000780000000, 0x00000007a6500000, 0x00000007c0000000)
  eden space 101888K, 0% used [0x0000000780000000,0x0000000780000000,0x0000000786380000)
  from space 200704K, 99% used [0x0000000794f00000,0x00000007a12fcbc8,0x00000007a1300000)
  to   space 241152K, 0% used [0x0000000786380000,0x0000000786380000,0x0000000794f00000)
 ParOldGen       total 562688K, used 475213K [0x0000000700000000, 0x0000000722580000, 0x0000000780000000)
  object space 562688K, 84% used [0x0000000700000000,0x000000071d013660,0x0000000722580000)
 Metaspace       used 16081K, capacity 16452K, committed 16640K, reserved 1064960K
  class space    used 1887K, capacity 2012K, committed 2048K, reserved 1048576K
}
Event: 70.466 GC heap before
{Heap before GC invocations=35 (full 7):
 PSYoungGen      total 302592K, used 302578K [0x0000000780000000, 0x00000007a6500000, 0x00000007c0000000)
  eden space 101888K, 100% used [0x0000000780000000,0x0000000786380000,0x0000000786380000)
  from space 200704K, 99% used [0x0000000794f00000,0x00000007a12fcbc8,0x00000007a1300000)
  to   space 241152K, 0% used [0x0000000786380000,0x0000000786380000,0x0000000794f00000)
 ParOldGen       total 562688K, used 475213K [0x0000000700000000, 0x0000000722580000, 0x0000000780000000)
  object space 562688K, 84% used [0x0000000700000000,0x000000071d013660,0x0000000722580000)
 Metaspace       used 16081K, capacity 16452K, committed 16640K, reserved 1064960K
  class space    used 1887K, capacity 2012K, committed 2048K, reserved 1048576K

